<?xml version='1.0'?>
<ns2:test-suite xmlns:ns2='urn:model.allure.qatools.yandex.ru' start='1587068646525' stop='1587068808088'>
    <name>profile-location:</name>
    <title>profile-location:</title>
    <test-cases>
        <test-case start='1587068646544' status='failed' stop='1587068695927'>
            <name>check for correct location information</name>
            <title>check for correct location information</title>
            <labels/>
            <parameters/>
            <steps>
                <step start='1587068690756' status='failed' stop='1587068695927'>
                    <name>I see in field "#address", "609 Legacy Pride Dr"</name>
                    <title>I see in field "#address", "609 Legacy Pride Dr"</title>
                    <attachments/>
                    <steps/>
                </step>
            </steps>
            <attachments>
                <attachment title='Last Seen Screenshot' source='adc6e4ab-36e3-4310-b02f-b98fcf85ddf4-attachment.png' type='image/png' size='54219'/>
            </attachments>
            <failure>
                <message></message>
                <stack-trace>undefined</stack-trace>
            </failure>
        </test-case>
        <test-case start='1587068701023' status='failed' stop='1587068806591'>
            <name>check for incorrect address input</name>
            <title>check for incorrect address input</title>
            <labels/>
            <parameters/>
            <steps/>
            <attachments>
                <attachment title='Last Seen Screenshot' source='d03b2b2f-ccc1-4039-b7b0-2d1a132715cd-attachment.png' type='image/png' size='343957'/>
                <attachment title='Last Seen Screenshot' source='fc9c45da-ef12-48be-9564-c03f23877932-attachment.png' type='image/png' size='373585'/>
            </attachments>
            <failure>
                <message>script timeout
                  (Session info: chrome=81.0.4044.92)
                Build info: version: '3.141.59', revision: 'e82be7d358', time: '2018-11-14T08:25:53'
                System info: host: 'TIM', ip: '192.168.0.17', os.name: 'Windows 10', os.arch: 'x86', os.version: '10.0', java.version: '1.8.0_231'
                Driver info: driver.version: unknown</message>
                <stack-trace>ScriptTimeoutError: script timeout
                  (Session info: chrome=81.0.4044.92)
                Build info: version: '3.141.59', revision: 'e82be7d358', time: '2018-11-14T08:25:53'
                System info: host: 'TIM', ip: '192.168.0.17', os.name: 'Windows 10', os.arch: 'x86', os.version: '10.0', java.version: '1.8.0_231'
                Driver info: driver.version: unknown
                    at Object.checkLegacyResponse (C:\Users\mitch\OneDrive\Documents\MyGitRepo\Project3\RideshareFrontend\node_modules\selenium-webdriver\lib\error.js:546:15)
                    at parseHttpResponse (C:\Users\mitch\OneDrive\Documents\MyGitRepo\Project3\RideshareFrontend\node_modules\selenium-webdriver\lib\http.js:509:13)
                    at C:\Users\mitch\OneDrive\Documents\MyGitRepo\Project3\RideshareFrontend\node_modules\selenium-webdriver\lib\http.js:441:30
                    at processTicksAndRejections (internal/process/task_queues.js:97:5)
                From: Task: Protractor.waitForAngular() - Locator: By(xpath, .//*[self::input | self::textarea | self::select][not(./@type = 'submit' or ./@type = 'image' or ./@type = 'hidden')][((./@name = 'Address') or ./@id = //label[@for][normalize-space(string(.)) = 'Address']/@for or ./@placeholder = 'Address')] | .//label[normalize-space(string(.)) = 'Address']//.//*[self::input | self::textarea | self::select][not(./@type = 'submit' or ./@type = 'image' or ./@type = 'hidden')])
                    at thenableWebDriverProxy.schedule (C:\Users\mitch\OneDrive\Documents\MyGitRepo\Project3\RideshareFrontend\node_modules\selenium-webdriver\lib\webdriver.js:807:17)
                    at ProtractorBrowser.executeAsyncScript_ (C:\Users\mitch\OneDrive\Documents\MyGitRepo\Project3\RideshareFrontend\node_modules\protractor\built\browser.js:425:28)
                    at C:\Users\mitch\OneDrive\Documents\MyGitRepo\Project3\RideshareFrontend\node_modules\protractor\built\browser.js:456:33
                    at ManagedPromise.invokeCallback_ (C:\Users\mitch\OneDrive\Documents\MyGitRepo\Project3\RideshareFrontend\node_modules\selenium-webdriver\lib\promise.js:1376:14)
                    at TaskQueue.execute_ (C:\Users\mitch\OneDrive\Documents\MyGitRepo\Project3\RideshareFrontend\node_modules\selenium-webdriver\lib\promise.js:3084:14)
                    at TaskQueue.executeNext_ (C:\Users\mitch\OneDrive\Documents\MyGitRepo\Project3\RideshareFrontend\node_modules\selenium-webdriver\lib\promise.js:3067:27)
                    at C:\Users\mitch\OneDrive\Documents\MyGitRepo\Project3\RideshareFrontend\node_modules\selenium-webdriver\lib\promise.js:2927:27
                    at C:\Users\mitch\OneDrive\Documents\MyGitRepo\Project3\RideshareFrontend\node_modules\selenium-webdriver\lib\promise.js:668:7</stack-trace>
            </failure>
        </test-case>
    </test-cases>
</ns2:test-suite>