<?xml version='1.0'?>
<ns2:test-suite xmlns:ns2='urn:model.allure.qatools.yandex.ru' start='1587044529962' stop='1587044551812'>
    <name>admin-home:</name>
    <title>admin-home:</title>
    <test-cases>
        <test-case start='1587044529962' status='failed' stop='1587044545494'>
            <name>test revature routing button in admin home</name>
            <title>test revature routing button in admin home</title>
            <labels/>
            <parameters/>
            <steps>
                <step start='1587044537760' status='passed' stop='1587044540607'>
                    <name>I am on page "/"</name>
                    <title>I am on page "/"</title>
                    <attachments/>
                    <steps/>
                </step>
                <step start='1587044540607' status='failed' stop='1587044545493'>
                    <name>I see element "#allusers"</name>
                    <title>I see element "#allusers"</title>
                    <attachments/>
                    <steps/>
                </step>
            </steps>
            <attachments>
                <attachment title='Last Seen Screenshot' source='00b6faa4-68fa-4338-9e31-531f7c11af02-attachment.png' type='image/png' size='909668'/>
            </attachments>
            <failure>
                <message></message>
                <stack-trace>undefined</stack-trace>
            </failure>
        </test-case>
        <test-case start='1587044547151' status='failed' stop='1587044551642'>
            <name>test revature routing button in admin login</name>
            <title>test revature routing button in admin login</title>
            <labels/>
            <parameters/>
            <steps/>
            <attachments/>
            <failure>
                <message>Error while running testForAngular: no such window: target window already closed
                from unknown error: web view not found
                  (Session info: chrome=81.0.4044.92)
                Build info: version: '3.141.59', revision: 'e82be7d358', time: '2018-11-14T08:25:53'
                System info: host: 'TIM', ip: '192.168.0.17', os.name: 'Windows 10', os.arch: 'x86', os.version: '10.0', java.version: '1.8.0_231'
                Driver info: driver.version: unknown</message>
                <stack-trace>Error: Error while running testForAngular: no such window: target window already closed
                from unknown error: web view not found
                  (Session info: chrome=81.0.4044.92)
                Build info: version: '3.141.59', revision: 'e82be7d358', time: '2018-11-14T08:25:53'
                System info: host: 'TIM', ip: '192.168.0.17', os.name: 'Windows 10', os.arch: 'x86', os.version: '10.0', java.version: '1.8.0_231'
                Driver info: driver.version: unknown
                    at C:\Users\mitch\OneDrive\Documents\MyGitRepo\Project3\RideshareFrontend\node_modules\protractor\built\browser.js:727:23
                    at ManagedPromise.invokeCallback_ (C:\Users\mitch\OneDrive\Documents\MyGitRepo\Project3\RideshareFrontend\node_modules\selenium-webdriver\lib\promise.js:1376:14)
                    at TaskQueue.execute_ (C:\Users\mitch\OneDrive\Documents\MyGitRepo\Project3\RideshareFrontend\node_modules\selenium-webdriver\lib\promise.js:3084:14)
                    at TaskQueue.executeNext_ (C:\Users\mitch\OneDrive\Documents\MyGitRepo\Project3\RideshareFrontend\node_modules\selenium-webdriver\lib\promise.js:3067:27)
                    at C:\Users\mitch\OneDrive\Documents\MyGitRepo\Project3\RideshareFrontend\node_modules\selenium-webdriver\lib\promise.js:2927:27
                    at C:\Users\mitch\OneDrive\Documents\MyGitRepo\Project3\RideshareFrontend\node_modules\selenium-webdriver\lib\promise.js:668:7
                    at processTicksAndRejections (internal/process/task_queues.js:97:5)</stack-trace>
            </failure>
        </test-case>
    </test-cases>
</ns2:test-suite>