<?xml version='1.0'?>
<ns2:test-suite xmlns:ns2='urn:model.allure.qatools.yandex.ru' start='1587059085203' stop='1587059230735'>
    <name>drivers-list:</name>
    <title>drivers-list:</title>
    <test-cases>
        <test-case start='1587059085205' status='failed' stop='1587059129736'>
            <name>testing name text filter</name>
            <title>testing name text filter</title>
            <labels/>
            <parameters/>
            <steps>
                <step start='1587059102117' status='failed' stop='1587059129735'>
                    <name>I append field "#textSelector", "Edmunds"</name>
                    <title>I append field "#textSelector", "Edmunds"</title>
                    <attachments/>
                    <steps/>
                </step>
            </steps>
            <attachments>
                <attachment title='Last Seen Screenshot' source='bae7fdac-7c22-4d23-b0ce-bb071ef7cc57-attachment.png' type='image/png' size='293301'/>
            </attachments>
            <failure>
                <message>element not interactable
                  (Session info: chrome=81.0.4044.92)
                Build info: version: '3.141.59', revision: 'e82be7d358', time: '2018-11-14T08:25:53'
                System info: host: 'TIM', ip: '192.168.0.17', os.name: 'Windows 10', os.arch: 'x86', os.version: '10.0', java.version: '1.8.0_231'
                Driver info: driver.version: unknown</message>
                <stack-trace>WebDriverError: element not interactable
                  (Session info: chrome=81.0.4044.92)
                Build info: version: '3.141.59', revision: 'e82be7d358', time: '2018-11-14T08:25:53'
                System info: host: 'TIM', ip: '192.168.0.17', os.name: 'Windows 10', os.arch: 'x86', os.version: '10.0', java.version: '1.8.0_231'
                Driver info: driver.version: unknown
                    at Object.checkLegacyResponse (C:\Users\mitch\OneDrive\Documents\MyGitRepo\Project3\RideshareFrontend\node_modules\selenium-webdriver\lib\error.js:546:15)
                    at parseHttpResponse (C:\Users\mitch\OneDrive\Documents\MyGitRepo\Project3\RideshareFrontend\node_modules\selenium-webdriver\lib\http.js:509:13)
                    at C:\Users\mitch\OneDrive\Documents\MyGitRepo\Project3\RideshareFrontend\node_modules\selenium-webdriver\lib\http.js:441:30
                    at processTicksAndRejections (internal/process/task_queues.js:97:5)
                From: Task: WebElement.sendKeys()
                    at thenableWebDriverProxy.schedule (C:\Users\mitch\OneDrive\Documents\MyGitRepo\Project3\RideshareFrontend\node_modules\selenium-webdriver\lib\webdriver.js:807:17)
                    at WebElement.schedule_ (C:\Users\mitch\OneDrive\Documents\MyGitRepo\Project3\RideshareFrontend\node_modules\selenium-webdriver\lib\webdriver.js:2010:25)
                    at WebElement.sendKeys (C:\Users\mitch\OneDrive\Documents\MyGitRepo\Project3\RideshareFrontend\node_modules\selenium-webdriver\lib\webdriver.js:2174:19)
                    at Protractor.appendField (C:\Users\mitch\OneDrive\Documents\MyGitRepo\Project3\RideshareFrontend\node_modules\codeceptjs\lib\helper\Protractor.js:631:19)
                    at processTicksAndRejections (internal/process/task_queues.js:97:5)</stack-trace>
            </failure>
        </test-case>
        <test-case start='1587059131087' status='failed' stop='1587059177131'>
            <name>testing multiple names text filter</name>
            <title>testing multiple names text filter</title>
            <labels/>
            <parameters/>
            <steps>
                <step start='1587059149390' status='failed' stop='1587059177131'>
                    <name>I append field "#textSelector", "m"</name>
                    <title>I append field "#textSelector", "m"</title>
                    <attachments/>
                    <steps/>
                </step>
            </steps>
            <attachments>
                <attachment title='Last Seen Screenshot' source='cd8b3221-1d7f-45e5-89b3-395b8cdec0eb-attachment.png' type='image/png' size='293296'/>
            </attachments>
            <failure>
                <message>element not interactable
                  (Session info: chrome=81.0.4044.92)
                Build info: version: '3.141.59', revision: 'e82be7d358', time: '2018-11-14T08:25:53'
                System info: host: 'TIM', ip: '192.168.0.17', os.name: 'Windows 10', os.arch: 'x86', os.version: '10.0', java.version: '1.8.0_231'
                Driver info: driver.version: unknown</message>
                <stack-trace>WebDriverError: element not interactable
                  (Session info: chrome=81.0.4044.92)
                Build info: version: '3.141.59', revision: 'e82be7d358', time: '2018-11-14T08:25:53'
                System info: host: 'TIM', ip: '192.168.0.17', os.name: 'Windows 10', os.arch: 'x86', os.version: '10.0', java.version: '1.8.0_231'
                Driver info: driver.version: unknown
                    at Object.checkLegacyResponse (C:\Users\mitch\OneDrive\Documents\MyGitRepo\Project3\RideshareFrontend\node_modules\selenium-webdriver\lib\error.js:546:15)
                    at parseHttpResponse (C:\Users\mitch\OneDrive\Documents\MyGitRepo\Project3\RideshareFrontend\node_modules\selenium-webdriver\lib\http.js:509:13)
                    at C:\Users\mitch\OneDrive\Documents\MyGitRepo\Project3\RideshareFrontend\node_modules\selenium-webdriver\lib\http.js:441:30
                    at processTicksAndRejections (internal/process/task_queues.js:97:5)
                From: Task: WebElement.sendKeys()
                    at thenableWebDriverProxy.schedule (C:\Users\mitch\OneDrive\Documents\MyGitRepo\Project3\RideshareFrontend\node_modules\selenium-webdriver\lib\webdriver.js:807:17)
                    at WebElement.schedule_ (C:\Users\mitch\OneDrive\Documents\MyGitRepo\Project3\RideshareFrontend\node_modules\selenium-webdriver\lib\webdriver.js:2010:25)
                    at WebElement.sendKeys (C:\Users\mitch\OneDrive\Documents\MyGitRepo\Project3\RideshareFrontend\node_modules\selenium-webdriver\lib\webdriver.js:2174:19)
                    at Protractor.appendField (C:\Users\mitch\OneDrive\Documents\MyGitRepo\Project3\RideshareFrontend\node_modules\codeceptjs\lib\helper\Protractor.js:631:19)
                    at processTicksAndRejections (internal/process/task_queues.js:97:5)</stack-trace>
            </failure>
        </test-case>
        <test-case start='1587059178027' status='failed' stop='1587059229768'>
            <name>testing phone text filter</name>
            <title>testing phone text filter</title>
            <labels/>
            <parameters/>
            <steps>
                <step start='1587059202691' status='failed' stop='1587059229768'>
                    <name>I append field "#textSelector", "646-919-8954"</name>
                    <title>I append field "#textSelector", "646-919-8954"</title>
                    <attachments/>
                    <steps/>
                </step>
            </steps>
            <attachments>
                <attachment title='Last Seen Screenshot' source='17636e82-053d-41cc-873f-e0f367e315a9-attachment.png' type='image/png' size='293293'/>
            </attachments>
            <failure>
                <message>element not interactable
                  (Session info: chrome=81.0.4044.92)
                Build info: version: '3.141.59', revision: 'e82be7d358', time: '2018-11-14T08:25:53'
                System info: host: 'TIM', ip: '192.168.0.17', os.name: 'Windows 10', os.arch: 'x86', os.version: '10.0', java.version: '1.8.0_231'
                Driver info: driver.version: unknown</message>
                <stack-trace>WebDriverError: element not interactable
                  (Session info: chrome=81.0.4044.92)
                Build info: version: '3.141.59', revision: 'e82be7d358', time: '2018-11-14T08:25:53'
                System info: host: 'TIM', ip: '192.168.0.17', os.name: 'Windows 10', os.arch: 'x86', os.version: '10.0', java.version: '1.8.0_231'
                Driver info: driver.version: unknown
                    at Object.checkLegacyResponse (C:\Users\mitch\OneDrive\Documents\MyGitRepo\Project3\RideshareFrontend\node_modules\selenium-webdriver\lib\error.js:546:15)
                    at parseHttpResponse (C:\Users\mitch\OneDrive\Documents\MyGitRepo\Project3\RideshareFrontend\node_modules\selenium-webdriver\lib\http.js:509:13)
                    at C:\Users\mitch\OneDrive\Documents\MyGitRepo\Project3\RideshareFrontend\node_modules\selenium-webdriver\lib\http.js:441:30
                    at processTicksAndRejections (internal/process/task_queues.js:97:5)
                From: Task: WebElement.sendKeys()
                    at thenableWebDriverProxy.schedule (C:\Users\mitch\OneDrive\Documents\MyGitRepo\Project3\RideshareFrontend\node_modules\selenium-webdriver\lib\webdriver.js:807:17)
                    at WebElement.schedule_ (C:\Users\mitch\OneDrive\Documents\MyGitRepo\Project3\RideshareFrontend\node_modules\selenium-webdriver\lib\webdriver.js:2010:25)
                    at WebElement.sendKeys (C:\Users\mitch\OneDrive\Documents\MyGitRepo\Project3\RideshareFrontend\node_modules\selenium-webdriver\lib\webdriver.js:2174:19)
                    at Protractor.appendField (C:\Users\mitch\OneDrive\Documents\MyGitRepo\Project3\RideshareFrontend\node_modules\codeceptjs\lib\helper\Protractor.js:631:19)
                    at processTicksAndRejections (internal/process/task_queues.js:97:5)</stack-trace>
            </failure>
        </test-case>
    </test-cases>
</ns2:test-suite>