<?xml version='1.0'?>
<ns2:test-suite xmlns:ns2='urn:model.allure.qatools.yandex.ru' start='1587143783546' stop='1587143823112'>
    <name>sign-up:</name>
    <title>sign-up:</title>
    <test-cases>
        <test-case start='1587143783562' status='failed' stop='1587143798804'>
            <name>testing valid username</name>
            <title>testing valid username</title>
            <labels/>
            <parameters/>
            <steps>
                <step start='1587143787883' status='passed' stop='1587143792761'>
                    <name>I am on page "/"</name>
                    <title>I am on page "/"</title>
                    <attachments/>
                    <steps/>
                </step>
                <step start='1587143792761' status='passed' stop='1587143793382'>
                    <name>I click "#signupid"</name>
                    <title>I click "#signupid"</title>
                    <attachments/>
                    <steps/>
                </step>
                <step start='1587143793382' status='failed' stop='1587143798803'>
                    <name>I append field "Username", "gpichmann0"</name>
                    <title>I append field "Username", "gpichmann0"</title>
                    <attachments/>
                    <steps/>
                </step>
            </steps>
            <attachments>
                <attachment title='Last Seen Screenshot' source='df52aed9-619e-4621-aac4-eb09d5a095c1-attachment.png' type='image/png' size='429952'/>
            </attachments>
            <failure>
                <message>element not interactable
                  (Session info: chrome=81.0.4044.113)
                Build info: version: '3.141.59', revision: 'e82be7d358', time: '2018-11-14T08:25:53'
                System info: host: 'TIM', ip: '192.168.0.17', os.name: 'Windows 10', os.arch: 'x86', os.version: '10.0', java.version: '1.8.0_231'
                Driver info: driver.version: unknown</message>
                <stack-trace>WebDriverError: element not interactable
                  (Session info: chrome=81.0.4044.113)
                Build info: version: '3.141.59', revision: 'e82be7d358', time: '2018-11-14T08:25:53'
                System info: host: 'TIM', ip: '192.168.0.17', os.name: 'Windows 10', os.arch: 'x86', os.version: '10.0', java.version: '1.8.0_231'
                Driver info: driver.version: unknown
                    at Object.checkLegacyResponse (C:\Users\mitch\OneDrive\Documents\MyGitRepo\Project3\RideshareFrontend\node_modules\selenium-webdriver\lib\error.js:546:15)
                    at parseHttpResponse (C:\Users\mitch\OneDrive\Documents\MyGitRepo\Project3\RideshareFrontend\node_modules\selenium-webdriver\lib\http.js:509:13)
                    at C:\Users\mitch\OneDrive\Documents\MyGitRepo\Project3\RideshareFrontend\node_modules\selenium-webdriver\lib\http.js:441:30
                    at processTicksAndRejections (internal/process/task_queues.js:97:5)
                From: Task: WebElement.sendKeys()
                    at thenableWebDriverProxy.schedule (C:\Users\mitch\OneDrive\Documents\MyGitRepo\Project3\RideshareFrontend\node_modules\selenium-webdriver\lib\webdriver.js:807:17)
                    at WebElement.schedule_ (C:\Users\mitch\OneDrive\Documents\MyGitRepo\Project3\RideshareFrontend\node_modules\selenium-webdriver\lib\webdriver.js:2010:25)
                    at WebElement.sendKeys (C:\Users\mitch\OneDrive\Documents\MyGitRepo\Project3\RideshareFrontend\node_modules\selenium-webdriver\lib\webdriver.js:2174:19)
                    at Protractor.appendField (C:\Users\mitch\OneDrive\Documents\MyGitRepo\Project3\RideshareFrontend\node_modules\codeceptjs\lib\helper\Protractor.js:631:19)
                    at processTicksAndRejections (internal/process/task_queues.js:97:5)</stack-trace>
            </failure>
        </test-case>
        <test-case start='1587143800017' status='failed' stop='1587143821652'>
            <name>testing correct sign up</name>
            <title>testing correct sign up</title>
            <labels/>
            <parameters/>
            <steps>
                <step start='1587143804290' status='passed' stop='1587143809227'>
                    <name>I am on page "/"</name>
                    <title>I am on page "/"</title>
                    <attachments/>
                    <steps/>
                </step>
                <step start='1587143809227' status='passed' stop='1587143809489'>
                    <name>I click "#signupid"</name>
                    <title>I click "#signupid"</title>
                    <attachments/>
                    <steps/>
                </step>
                <step start='1587143809489' status='passed' stop='1587143809979'>
                    <name>I append field "First Name *", "Timothy"</name>
                    <title>I append field "First Name *", "Timothy"</title>
                    <attachments/>
                    <steps/>
                </step>
                <step start='1587143809979' status='passed' stop='1587143810301'>
                    <name>I append field "Last Name *", "Mitchell"</name>
                    <title>I append field "Last Name *", "Mitchell"</title>
                    <attachments/>
                    <steps/>
                </step>
                <step start='1587143810301' status='passed' stop='1587143810678'>
                    <name>I append field "Email *", "mitchelltim29@gmail.com"</name>
                    <title>I append field "Email *", "mitchelltim29@gmail.com"</title>
                    <attachments/>
                    <steps/>
                </step>
                <step start='1587143810678' status='passed' stop='1587143810957'>
                    <name>I append field "Phone Number *", "7025952564"</name>
                    <title>I append field "Phone Number *", "7025952564"</title>
                    <attachments/>
                    <steps/>
                </step>
                <step start='1587143810957' status='passed' stop='1587143811498'>
                    <name>I append field "Home Address", "600 Dexter Ave"</name>
                    <title>I append field "Home Address", "600 Dexter Ave"</title>
                    <attachments/>
                    <steps/>
                </step>
                <step start='1587143811498' status='passed' stop='1587143811903'>
                    <name>I append field "City *", "Montgomery"</name>
                    <title>I append field "City *", "Montgomery"</title>
                    <attachments/>
                    <steps/>
                </step>
                <step start='1587143811903' status='passed' stop='1587143812260'>
                    <name>I click "State"</name>
                    <title>I click "State"</title>
                    <attachments/>
                    <steps/>
                </step>
                <step start='1587143812260' status='passed' stop='1587143812760'>
                    <name>I click "#state"</name>
                    <title>I click "#state"</title>
                    <attachments/>
                    <steps/>
                </step>
                <step start='1587143812760' status='passed' stop='1587143813072'>
                    <name>I append field "Zip Code *", "36130"</name>
                    <title>I append field "Zip Code *", "36130"</title>
                    <attachments/>
                    <steps/>
                </step>
                <step start='1587143813072' status='passed' stop='1587143813507'>
                    <name>I append field "#username", "mitchelltim29"</name>
                    <title>I append field "#username", "mitchelltim29"</title>
                    <attachments/>
                    <steps/>
                </step>
                <step start='1587143813507' status='passed' stop='1587143813813'>
                    <name>I append field "Password *", "password"</name>
                    <title>I append field "Password *", "password"</title>
                    <attachments/>
                    <steps/>
                </step>
                <step start='1587143813813' status='passed' stop='1587143814073'>
                    <name>I append field "Confirm Password *", "password"</name>
                    <title>I append field "Confirm Password *", "password"</title>
                    <attachments/>
                    <steps/>
                </step>
                <step start='1587143814073' status='passed' stop='1587143814572'>
                    <name>I click "Work Location"</name>
                    <title>I click "Work Location"</title>
                    <attachments/>
                    <steps/>
                </step>
                <step start='1587143814572' status='passed' stop='1587143814820'>
                    <name>I click "#city"</name>
                    <title>I click "#city"</title>
                    <attachments/>
                    <steps/>
                </step>
                <step start='1587143814820' status='passed' stop='1587143815044'>
                    <name>I click "Register"</name>
                    <title>I click "Register"</title>
                    <attachments/>
                    <steps/>
                </step>
                <step start='1587143815044' status='passed' stop='1587143815312'>
                    <name>I click "#signup-btn"</name>
                    <title>I click "#signup-btn"</title>
                    <attachments/>
                    <steps/>
                </step>
                <step start='1587143815312' status='passed' stop='1587143815491'>
                    <name>I click "Login"</name>
                    <title>I click "Login"</title>
                    <attachments/>
                    <steps/>
                </step>
                <step start='1587143815491' status='passed' stop='1587143815823'>
                    <name>I fill field "Username", "mitchelltim29"</name>
                    <title>I fill field "Username", "mitchelltim29"</title>
                    <attachments/>
                    <steps/>
                </step>
                <step start='1587143815823' status='passed' stop='1587143816133'>
                    <name>I fill field "Password", "password"</name>
                    <title>I fill field "Password", "password"</title>
                    <attachments/>
                    <steps/>
                </step>
                <step start='1587143816134' status='passed' stop='1587143816256'>
                    <name>I click "#sign-in-btn"</name>
                    <title>I click "#sign-in-btn"</title>
                    <attachments/>
                    <steps/>
                </step>
                <step start='1587143816256' status='failed' stop='1587143821652'>
                    <name>I dont see "Login"</name>
                    <title>I dont see "Login"</title>
                    <attachments/>
                    <steps/>
                </step>
            </steps>
            <attachments>
                <attachment title='Last Seen Screenshot' source='e597de65-bef4-4437-95ca-6f9acf89f9d7-attachment.png' type='image/png' size='736735'/>
            </attachments>
            <failure>
                <message></message>
                <stack-trace>undefined</stack-trace>
            </failure>
        </test-case>
    </test-cases>
</ns2:test-suite>